Using pre-set license
Built from '2020.2/release' branch; Version is '2020.2.1f1 (270dd8c3da1c) revision 2559448'; Using compiler version '192528614'; Build Type 'Release'
OS: 'Windows 10  (10.0.0) 64bit' Language: 'en' Physical Memory: 8054 MB
BatchMode: 1, IsHumanControllingUs: 0, StartBugReporterOnCrash: 0, Is64bit: 1, IsPro: 0

 COMMAND LINE ARGUMENTS:
C:\Program Files\Unity\Hub\Editor\2020.2.1f1\Editor\Unity.exe
-adb2
-batchMode
-noUpm
-name
AssetImportWorker0
-projectPath
C:/Users/Flavien Missier/Desktop/Project/Demo
-logFile
Logs/AssetImportWorker0.log
-srvPort
49586
Successfully changed project path to: C:/Users/Flavien Missier/Desktop/Project/Demo
C:/Users/Flavien Missier/Desktop/Project/Demo
Using Asset Import Pipeline V2.
Refreshing native plugins compatible for Editor in 40.02 ms, found 0 plugins.
Preloading 0 native plugins for Editor in 0.00 ms.
Initialize engine version: 2020.2.1f1 (270dd8c3da1c)
[Subsystems] Discovering subsystems at path C:/Program Files/Unity/Hub/Editor/2020.2.1f1/Editor/Data/Resources/UnitySubsystems
[Subsystems] Discovering subsystems at path C:/Users/Flavien Missier/Desktop/Project/Demo/Assets
GfxDevice: creating device client; threaded=0
Direct3D:
    Version:  Direct3D 11.0 [level 11.1]
    Renderer: NVIDIA GeForce GTX 1050 (ID=0x1c8d)
    Vendor:   
    VRAM:     4021 MB
    Driver:   27.21.14.6611
Initialize mono
Mono path[0] = 'C:/Program Files/Unity/Hub/Editor/2020.2.1f1/Editor/Data/Managed'
Mono path[1] = 'C:/Program Files/Unity/Hub/Editor/2020.2.1f1/Editor/Data/MonoBleedingEdge/lib/mono/unityjit'
Mono config path = 'C:/Program Files/Unity/Hub/Editor/2020.2.1f1/Editor/Data/MonoBleedingEdge/etc'
Using monoOptions --debugger-agent=transport=dt_socket,embedding=1,server=y,suspend=n,address=127.0.0.1:56400
Begin MonoManager ReloadAssembly
Registering precompiled unity dll's ...
Register platform support module: C:/Program Files/Unity/Hub/Editor/2020.2.1f1/Editor/Data/PlaybackEngines/WebGLSupport/UnityEditor.WebGL.Extensions.dll
Register platform support module: C:/Program Files/Unity/Hub/Editor/2020.2.1f1/Editor/Data/PlaybackEngines/WindowsStandaloneSupport/UnityEditor.WindowsStandalone.Extensions.dll
Registered in 0.043178 seconds.
Native extension for WindowsStandalone target not found
Native extension for WebGL target not found
Refreshing native plugins compatible for Editor in 68.32 ms, found 0 plugins.
Preloading 0 native plugins for Editor in 0.00 ms.
Invoked RoslynAnalysisRunner static constructor.
RoslynAnalysisRunner will not be running.
RoslynAnalysisRunner has terminated.
Mono: successfully reloaded assembly
- Completed reload, in  4.506 seconds
Platform modules already initialized, skipping
Registering precompiled user dll's ...
Registered in 0.011037 seconds.
Begin MonoManager ReloadAssembly
Native extension for WindowsStandalone target not found
Native extension for WebGL target not found
Refreshing native plugins compatible for Editor in 0.29 ms, found 0 plugins.
Preloading 0 native plugins for Editor in 0.00 ms.
Invoked RoslynAnalysisRunner static constructor.
RoslynAnalysisRunner will not be running.
RoslynAnalysisRunner has terminated.
Mono: successfully reloaded assembly
- Completed reload, in  2.652 seconds
Platform modules already initialized, skipping
========================================================================
Worker process is ready to serve import requests
Launched and connected shader compiler UnityShaderCompiler.exe after 0.09 seconds
Refreshing native plugins compatible for Editor in 3.66 ms, found 0 plugins.
Preloading 0 native plugins for Editor in 0.00 ms.
Unloading 1094 Unused Serialized files (Serialized files now loaded: 0)
System memory in use before: 56.0 MB.
System memory in use after: 56.0 MB.

Unloading 10 unused Assets to reduce memory usage. Loaded Objects now: 1533.
Total: 9.243700 ms (FindLiveObjects: 0.309600 ms CreateObjectMapping: 0.062900 ms MarkObjects: 8.797200 ms  DeleteObjects: 0.071000 ms)

========================================================================
Received Import Request.
  path: Assets/Scenes/Demo.unity
  artifactKey: Guid(9fc0d4010bbf28b4594072e72b8655ab) Importer(815301076,1909f56bfc062723c751e8b465ee728b)
Start importing Assets/Scenes/Demo.unity using Guid(9fc0d4010bbf28b4594072e72b8655ab) Importer(815301076,1909f56bfc062723c751e8b465ee728b)  -> (artifact id: 'd5ba26890c3b57522e320e4841bb093b') in 0.064430 seconds
  Import took 0.074487 seconds .

========================================================================
Received Import Request.
  Time since last request: 32.869944 seconds.
  path: Assets/Scenes
  artifactKey: Guid(0e383785f68c85942811528388e2832e) Importer(815301076,1909f56bfc062723c751e8b465ee728b)
Start importing Assets/Scenes using Guid(0e383785f68c85942811528388e2832e) Importer(815301076,1909f56bfc062723c751e8b465ee728b)  -> (artifact id: 'b99189b4becb0e17c48f019e179ad541') in 0.017054 seconds
  Import took 0.020175 seconds .

========================================================================
Received Import Request.
  Time since last request: 262.212175 seconds.
  path: Assets
  artifactKey: Guid(00000000000000001000000000000000) Importer(815301076,1909f56bfc062723c751e8b465ee728b)
Start importing Assets using Guid(00000000000000001000000000000000) Importer(815301076,1909f56bfc062723c751e8b465ee728b)  -> (artifact id: 'e1a2c4dac9df7c17871e19a3b74f0e9f') in 0.012951 seconds
  Import took 0.022540 seconds .

========================================================================
Received Import Request.
  Time since last request: 8.095417 seconds.
  path: Assets/New Material.mat
  artifactKey: Guid(567cc5bb7b51a4946972e7b5fd95f10c) Importer(815301076,1909f56bfc062723c751e8b465ee728b)
Start importing Assets/New Material.mat using Guid(567cc5bb7b51a4946972e7b5fd95f10c) Importer(815301076,1909f56bfc062723c751e8b465ee728b)  -> (artifact id: 'ec5ac91e3cf962f31088c6e3de1b84bf') in 2.339914 seconds
  Import took 2.346092 seconds .

========================================================================
Received Prepare
Registering precompiled user dll's ...
Registered in 0.002633 seconds.
Begin MonoManager ReloadAssembly
Native extension for WindowsStandalone target not found
Native extension for WebGL target not found
Refreshing native plugins compatible for Editor in 0.22 ms, found 0 plugins.
Preloading 0 native plugins for Editor in 0.00 ms.
Invoked RoslynAnalysisRunner static constructor.
RoslynAnalysisRunner will not be running.
RoslynAnalysisRunner has terminated.
Mono: successfully reloaded assembly
- Completed reload, in  1.274 seconds
Platform modules already initialized, skipping
Refreshing native plugins compatible for Editor in 0.20 ms, found 0 plugins.
Preloading 0 native plugins for Editor in 0.00 ms.
Unloading 1089 Unused Serialized files (Serialized files now loaded: 0)
System memory in use before: 59.8 MB.
System memory in use after: 59.8 MB.

Unloading 5 unused Assets to reduce memory usage. Loaded Objects now: 1577.
Total: 1.994000 ms (FindLiveObjects: 0.191600 ms CreateObjectMapping: 0.035200 ms MarkObjects: 1.667200 ms  DeleteObjects: 0.098700 ms)

========================================================================
Received Import Request.
  Time since last request: 86.859440 seconds.
  path: Assets/New Material.mat
  artifactKey: Guid(567cc5bb7b51a4946972e7b5fd95f10c) Importer(815301076,1909f56bfc062723c751e8b465ee728b)
Start importing Assets/New Material.mat using Guid(567cc5bb7b51a4946972e7b5fd95f10c) Importer(815301076,1909f56bfc062723c751e8b465ee728b)  -> (artifact id: 'd7e9e3f3d4ddd9c11f1ed581430149a4') in 0.143455 seconds
  Import took 0.147674 seconds .

========================================================================
Received Import Request.
  Time since last request: 69.077118 seconds.
  path: Assets/Scenes/Demo/LightingData.asset
  artifactKey: Guid(2aa4e89f65fc2d649b37b85dd4e19a79) Importer(815301076,1909f56bfc062723c751e8b465ee728b)
Start importing Assets/Scenes/Demo/LightingData.asset using Guid(2aa4e89f65fc2d649b37b85dd4e19a79) Importer(815301076,1909f56bfc062723c751e8b465ee728b)  -> (artifact id: '32154f5effac42f5c44d8253b81c54ec') in 0.034020 seconds
  Import took 0.037265 seconds .

========================================================================
Received Import Request.
  Time since last request: 0.000451 seconds.
  path: Assets/Scenes/Demo/ReflectionProbe-0.exr
  artifactKey: Guid(5f51684f608cd47489cdb7be3f3ab9bf) Importer(815301076,1909f56bfc062723c751e8b465ee728b)
Start importing Assets/Scenes/Demo/ReflectionProbe-0.exr using Guid(5f51684f608cd47489cdb7be3f3ab9bf) Importer(815301076,1909f56bfc062723c751e8b465ee728b)  -> (artifact id: '3d6680a076c5b09203be79d1fc724e0c') in 0.097877 seconds
  Import took 0.102805 seconds .

========================================================================
Received Import Request.
  Time since last request: 0.004191 seconds.
  path: Assets/Scenes/Demo/ReflectionProbe-0.exr
  artifactKey: Guid(5f51684f608cd47489cdb7be3f3ab9bf) Importer(815301076,1909f56bfc062723c751e8b465ee728b)
Start importing Assets/Scenes/Demo/ReflectionProbe-0.exr using Guid(5f51684f608cd47489cdb7be3f3ab9bf) Importer(815301076,1909f56bfc062723c751e8b465ee728b)  -> (artifact id: '3d6680a076c5b09203be79d1fc724e0c') in 0.033437 seconds
  Import took 0.036694 seconds .

========================================================================
Received Prepare
Registering precompiled user dll's ...
Registered in 0.003308 seconds.
Begin MonoManager ReloadAssembly
Native extension for WindowsStandalone target not found
Native extension for WebGL target not found
Refreshing native plugins compatible for Editor in 0.25 ms, found 0 plugins.
Preloading 0 native plugins for Editor in 0.00 ms.
[ScriptCompilation] NOT recompiling all scripts because this is an import worker process. Reason to compile was: Define symbols changed
Invoked RoslynAnalysisRunner static constructor.
RoslynAnalysisRunner will not be running.
RoslynAnalysisRunner has terminated.
Mono: successfully reloaded assembly
- Completed reload, in  1.197 seconds
Platform modules already initialized, skipping
Refreshing native plugins compatible for Editor in 0.29 ms, found 0 plugins.
Preloading 0 native plugins for Editor in 0.00 ms.
Unloading 1209 Unused Serialized files (Serialized files now loaded: 0)
System memory in use before: 66.6 MB.
System memory in use after: 65.0 MB.

Unloading 32 unused Assets to reduce memory usage. Loaded Objects now: 1675.
Total: 2.792600 ms (FindLiveObjects: 0.221900 ms CreateObjectMapping: 0.056900 ms MarkObjects: 1.760100 ms  DeleteObjects: 0.750900 ms)

========================================================================
Received Prepare
Registering precompiled user dll's ...
Registered in 0.002314 seconds.
Begin MonoManager ReloadAssembly
Native extension for WindowsStandalone target not found
Native extension for WebGL target not found
Refreshing native plugins compatible for Editor in 0.25 ms, found 0 plugins.
Preloading 0 native plugins for Editor in 0.00 ms.
Invoked RoslynAnalysisRunner static constructor.
RoslynAnalysisRunner will not be running.
RoslynAnalysisRunner has terminated.
Mono: successfully reloaded assembly
- Completed reload, in  1.877 seconds
Platform modules already initialized, skipping
Refreshing native plugins compatible for Editor in 0.27 ms, found 0 plugins.
Preloading 0 native plugins for Editor in 0.00 ms.
Unloading 1209 Unused Serialized files (Serialized files now loaded: 0)
System memory in use before: 66.7 MB.
System memory in use after: 65.2 MB.

Unloading 32 unused Assets to reduce memory usage. Loaded Objects now: 1677.
Total: 8.724000 ms (FindLiveObjects: 0.273000 ms CreateObjectMapping: 0.232600 ms MarkObjects: 7.317800 ms  DeleteObjects: 0.898600 ms)

========================================================================
Received Import Request.
  Time since last request: 993.484013 seconds.
  path: ProjectSettings/TagManager.asset
  artifactKey: Guid(00000000000000003000000000000000) Importer(815301076,1909f56bfc062723c751e8b465ee728b)
Start importing ProjectSettings/TagManager.asset using Guid(00000000000000003000000000000000) Importer(815301076,1909f56bfc062723c751e8b465ee728b)  -> (artifact id: '8988b340c206bb1d98ca0d47b0266d3b') in 0.020896 seconds
  Import took 0.024253 seconds .

========================================================================
Received Import Request.
  Time since last request: 0.003283 seconds.
  path: ProjectSettings/TagManager.asset
  artifactKey: Guid(00000000000000003000000000000000) Importer(815301076,1909f56bfc062723c751e8b465ee728b)
Start importing ProjectSettings/TagManager.asset using Guid(00000000000000003000000000000000) Importer(815301076,1909f56bfc062723c751e8b465ee728b)  -> (artifact id: '8988b340c206bb1d98ca0d47b0266d3b') in 0.005400 seconds
  Import took 0.010862 seconds .

AssetImportWorkerClient::OnTransportError - code=2 error=End of file
